2018-01-19 08:58:27,080 [5] DEBUG sfwServiceTache.Service1 OnStart - Service tache Start : 1
2018-01-19 08:58:28,298 [6] DEBUG sfwServiceTache.Service1 calculNextTick - Service_CRMUSAM Start
2018-01-19 08:58:28,298 [7] DEBUG sfwServiceTache.Service1 calculNextTick - Service_CRMUSAM Start
2018-01-19 08:58:28,361 [8] DEBUG sfwServiceTache.Service1 calculNextTick - Service_CRMUSAM Start
2018-01-19 08:58:29,361 [9] DEBUG sfwServiceTache.Service1 calculNextTick - Service_CRMUSAM Start
2018-01-19 08:58:31,017 [11] DEBUG sfwServiceTache.Service1 calculNextTick - Service_CRMUSAM Start
2018-01-19 08:58:31,939 [5] DEBUG sfwServiceTache.Service1 calculNextTick - Service_CRMUSAM Start
2018-01-19 08:58:32,064 [6] DEBUG sfwServiceTache.Service1 calculNextTick - heure prévue : 13:17:00
2018-01-19 08:58:32,064 [6] DEBUG sfwServiceTache.Service1 calculNextTick - horaire présent : 08:58:32
2018-01-19 08:58:32,064 [5] DEBUG sfwServiceTache.Service1 calculNextTick - heure prévue : 13:17:00
2018-01-19 08:58:32,064 [5] DEBUG sfwServiceTache.Service1 calculNextTick - horaire présent : 08:58:32
2018-01-19 08:58:32,064 [5] DEBUG sfwServiceTache.Service1 calculNextTick - délai attente : 04:18:28
2018-01-19 08:58:32,064 [6] DEBUG sfwServiceTache.Service1 calculNextTick - délai attente : 04:18:28
2018-01-19 08:58:32,064 [5] DEBUG sfwServiceTache.Service1 calculNextTick - timerCtrlTache.interval avant : 100
2018-01-19 08:58:32,064 [6] DEBUG sfwServiceTache.Service1 calculNextTick - timerCtrlTache.interval avant : 100
2018-01-19 08:58:32,064 [5] DEBUG sfwServiceTache.Service1 calculNextTick - timerCtrlTache.interval après : 15508000[4:18:28]
2018-01-19 08:58:32,064 [6] DEBUG sfwServiceTache.Service1 calculNextTick - timerCtrlTache.interval après : 15508000[4:18:28]
2018-01-19 08:58:32,064 [9] DEBUG sfwServiceTache.Service1 calculNextTick - heure prévue : 13:17:00
2018-01-19 08:58:32,064 [9] DEBUG sfwServiceTache.Service1 calculNextTick - horaire présent : 08:58:32
2018-01-19 08:58:32,064 [6] INFO  sfwServiceTache.Service1 doCallCheckTasks - AVANT APPEL ws_ à l'adresse[http://localhost/ws_unis/wsctrltache.asmx/ctrlTache]
2018-01-19 08:58:32,064 [8] DEBUG sfwServiceTache.Service1 calculNextTick - heure prévue : 13:17:00
2018-01-19 08:58:32,064 [8] DEBUG sfwServiceTache.Service1 calculNextTick - horaire présent : 08:58:32
2018-01-19 08:58:32,064 [8] DEBUG sfwServiceTache.Service1 calculNextTick - délai attente : 04:18:28
2018-01-19 08:58:32,064 [8] DEBUG sfwServiceTache.Service1 calculNextTick - timerCtrlTache.interval avant : 15508000
2018-01-19 08:58:32,064 [5] INFO  sfwServiceTache.Service1 doCallWsOmni - AVANT APPEL ws_ à l'adresse[http://localhost/OmniWs/wsMission.asmx/processMissionsCursor]
2018-01-19 08:58:32,064 [7] DEBUG sfwServiceTache.Service1 calculNextTick - heure prévue : 13:17:00
2018-01-19 08:58:32,064 [7] DEBUG sfwServiceTache.Service1 calculNextTick - horaire présent : 08:58:32
2018-01-19 08:58:32,064 [11] DEBUG sfwServiceTache.Service1 calculNextTick - heure prévue : 13:17:00
2018-01-19 08:58:32,064 [11] DEBUG sfwServiceTache.Service1 calculNextTick - horaire présent : 08:58:32
2018-01-19 08:58:32,064 [11] DEBUG sfwServiceTache.Service1 calculNextTick - délai attente : 04:18:28
2018-01-19 08:58:32,064 [8] DEBUG sfwServiceTache.Service1 calculNextTick - timerCtrlTache.interval après : 15508000[4:18:28]
2018-01-19 08:58:32,064 [8] INFO  sfwServiceTache.Service1 doCallCheckTasks - AVANT APPEL ws_ à l'adresse[http://localhost/ws_unis/wsctrltache.asmx/ctrlTache]
2018-01-19 08:58:32,064 [9] DEBUG sfwServiceTache.Service1 calculNextTick - délai attente : 04:18:28
2018-01-19 08:58:32,064 [9] DEBUG sfwServiceTache.Service1 calculNextTick - timerCtrlTache.interval avant : 15508000
2018-01-19 08:58:32,064 [9] DEBUG sfwServiceTache.Service1 calculNextTick - timerCtrlTache.interval après : 15508000[4:18:28]
2018-01-19 08:58:32,064 [9] INFO  sfwServiceTache.Service1 doCallCheckTasks - AVANT APPEL ws_ à l'adresse[http://localhost/ws_unis/wsctrltache.asmx/ctrlTache]
2018-01-19 08:58:32,064 [11] DEBUG sfwServiceTache.Service1 calculNextTick - timerCtrlTache.interval avant : 15508000
2018-01-19 08:58:32,064 [11] DEBUG sfwServiceTache.Service1 calculNextTick - timerCtrlTache.interval après : 15508000[4:18:28]
2018-01-19 08:58:32,064 [11] INFO  sfwServiceTache.Service1 doCallCheckTasks - AVANT APPEL ws_ à l'adresse[http://localhost/ws_unis/wsctrltache.asmx/ctrlTache]
2018-01-19 08:58:32,064 [7] DEBUG sfwServiceTache.Service1 calculNextTick - délai attente : 04:18:28
2018-01-19 08:58:32,064 [7] DEBUG sfwServiceTache.Service1 calculNextTick - timerCtrlTache.interval avant : 15508000
2018-01-19 08:58:32,064 [7] DEBUG sfwServiceTache.Service1 calculNextTick - timerCtrlTache.interval après : 15508000[4:18:28]
2018-01-19 08:58:32,064 [7] INFO  sfwServiceTache.Service1 doCallCheckTasks - AVANT APPEL ws_ à l'adresse[http://localhost/ws_unis/wsctrltache.asmx/ctrlTache]
2018-01-19 08:58:32,142 [6] DEBUG sfwServiceTache.Service1 getwww - request from uri[http://localhost/ws_unis/wsctrltache.asmx/ctrlTache]
2018-01-19 08:58:32,142 [7] DEBUG sfwServiceTache.Service1 getwww - request from uri[http://localhost/ws_unis/wsctrltache.asmx/ctrlTache]
2018-01-19 08:58:32,142 [8] DEBUG sfwServiceTache.Service1 getwww - request from uri[http://localhost/ws_unis/wsctrltache.asmx/ctrlTache]
2018-01-19 08:58:32,142 [9] DEBUG sfwServiceTache.Service1 getwww - request from uri[http://localhost/ws_unis/wsctrltache.asmx/ctrlTache]
2018-01-19 08:58:32,142 [11] DEBUG sfwServiceTache.Service1 getwww - request from uri[http://localhost/ws_unis/wsctrltache.asmx/ctrlTache]
2018-01-19 08:58:33,017 [13] DEBUG sfwServiceTache.Service1 calculNextTick - Service_CRMUSAM Start
2018-01-19 08:58:33,017 [13] DEBUG sfwServiceTache.Service1 calculNextTick - heure prévue : 13:17:00
2018-01-19 08:58:33,017 [13] DEBUG sfwServiceTache.Service1 calculNextTick - horaire présent : 08:58:33
2018-01-19 08:58:33,017 [13] DEBUG sfwServiceTache.Service1 calculNextTick - délai attente : 04:18:27
2018-01-19 08:58:33,017 [13] DEBUG sfwServiceTache.Service1 calculNextTick - timerCtrlTache.interval avant : 15508000
2018-01-19 08:58:33,017 [13] DEBUG sfwServiceTache.Service1 calculNextTick - timerCtrlTache.interval après : 15507000[4:18:27]
2018-01-19 08:58:33,017 [13] INFO  sfwServiceTache.Service1 doCallCheckTasks - AVANT APPEL ws_ à l'adresse[http://localhost/ws_unis/wsctrltache.asmx/ctrlTache]
2018-01-19 08:58:33,017 [13] DEBUG sfwServiceTache.Service1 getwww - request from uri[http://localhost/ws_unis/wsctrltache.asmx/ctrlTache]
2018-01-19 08:58:33,127 [5] INFO  sfwServiceTache.Service1 getResponseFromAWs - <?xml version="1.0"?><string>OK</string>
2018-01-19 08:58:33,127 [5] INFO  sfwServiceTache.Service1 getResponseFromAWs - xmlReal [<string>OK</string>]
2018-01-19 08:58:33,127 [5] DEBUG sfwServiceTache.Service1 getResponseFromAWs - listeRetour[0]=(OK)
2018-01-19 08:58:33,127 [5] INFO  sfwServiceTache.Service1 doCallWsOmni - RETOUR ws OK
2018-01-19 08:58:34,252 [5] INFO  sfwServiceTache.Service1 doCallWsImportationAsynch - AVANT APPEL ws_import à l'adresse[http://localhost/ws_importation/wsimport.asmx]
2018-01-19 08:58:34,283 [10] INFO  sfwServiceTache.Service1 timerRapideCode - IimerRapide 2s Tick !
2018-01-19 08:58:34,283 [12] INFO  sfwServiceTache.Service1 timerRapideCode - IimerRapide 2s Tick !
2018-01-19 08:58:34,283 [16] INFO  sfwServiceTache.Service1 timerRapideCode - IimerRapide 2s Tick !
2018-01-19 08:58:38,002 [5] INFO  sfwServiceTache.Service1 doCallWsImportationAsynch - DEFAULT TIMEOUT Wsimportation100000
2018-01-19 08:58:38,127 [5] INFO  sfwServiceTache.Service1 doCallWsImportationAsynch - RETOUR : 
2018-01-19 08:58:39,221 [5] DEBUG sfwServiceTache.Service1 calculNextTick - Service_CRMUSAM Start
2018-01-19 08:58:39,221 [5] DEBUG sfwServiceTache.Service1 calculNextTick - heure prévue : 13:17:00
2018-01-19 08:58:39,221 [5] DEBUG sfwServiceTache.Service1 calculNextTick - horaire présent : 08:58:39
2018-01-19 08:58:39,221 [5] DEBUG sfwServiceTache.Service1 calculNextTick - délai attente : 04:18:21
2018-01-19 08:58:39,221 [5] DEBUG sfwServiceTache.Service1 calculNextTick - timerCtrlTache.interval avant : 15507000
2018-01-19 08:58:39,221 [5] DEBUG sfwServiceTache.Service1 calculNextTick - timerCtrlTache.interval après : 15501000[4:18:21]
2018-01-19 08:58:39,221 [5] INFO  sfwServiceTache.Service1 doCallCheckTasks - AVANT APPEL ws_ à l'adresse[http://localhost/ws_unis/wsctrltache.asmx/ctrlTache]
2018-01-19 08:58:39,221 [5] DEBUG sfwServiceTache.Service1 getwww - request from uri[http://localhost/ws_unis/wsctrltache.asmx/ctrlTache]
2018-01-19 08:58:41,190 [12] ERROR sfwServiceTache.Service1 timerRapideCode - Le nom distant n'a pas pu être résolu: 'platon'
2018-01-19 08:58:41,190 [10] ERROR sfwServiceTache.Service1 timerRapideCode - Le nom distant n'a pas pu être résolu: 'platon'
2018-01-19 08:58:43,205 [12] INFO  sfwServiceTache.Service1 timerRapideCode - IimerRapide 2s Tick !
2018-01-19 08:58:43,440 [16] ERROR sfwServiceTache.Service1 timerRapideCode - Le nom distant n'a pas pu être résolu: 'platon'
2018-01-19 08:58:45,455 [16] INFO  sfwServiceTache.Service1 timerRapideCode - IimerRapide 2s Tick !
2018-01-19 08:58:45,455 [12] ERROR sfwServiceTache.Service1 timerRapideCode - Le nom distant n'a pas pu être résolu: 'platon'
2018-01-19 08:58:47,471 [19] INFO  sfwServiceTache.Service1 timerRapideCode - IimerRapide 2s Tick !
2018-01-19 08:58:47,706 [16] ERROR sfwServiceTache.Service1 timerRapideCode - Le nom distant n'a pas pu être résolu: 'platon'
2018-01-19 08:58:49,706 [16] INFO  sfwServiceTache.Service1 timerRapideCode - IimerRapide 2s Tick !
2018-01-19 08:58:49,721 [19] ERROR sfwServiceTache.Service1 timerRapideCode - Le nom distant n'a pas pu être résolu: 'platon'
2018-01-19 08:58:51,721 [10] INFO  sfwServiceTache.Service1 timerRapideCode - IimerRapide 2s Tick !
2018-01-19 08:58:51,956 [16] ERROR sfwServiceTache.Service1 timerRapideCode - Le nom distant n'a pas pu être résolu: 'platon'
2018-01-19 08:58:53,971 [16] INFO  sfwServiceTache.Service1 timerRapideCode - IimerRapide 2s Tick !
2018-01-19 08:58:53,971 [10] ERROR sfwServiceTache.Service1 timerRapideCode - Le nom distant n'a pas pu être résolu: 'platon'
2018-01-19 08:58:55,987 [12] INFO  sfwServiceTache.Service1 timerRapideCode - IimerRapide 2s Tick !
2018-01-19 08:58:56,222 [16] ERROR sfwServiceTache.Service1 timerRapideCode - Le nom distant n'a pas pu être résolu: 'platon'
2018-01-19 08:58:57,003 [16] INFO  sfwServiceTache.Service1 doCallWsImportationAsynch - AVANT APPEL ws_import à l'adresse[http://localhost/ws_importation/wsimport.asmx]
2018-01-19 08:58:57,003 [16] INFO  sfwServiceTache.Service1 doCallWsImportationAsynch - DEFAULT TIMEOUT Wsimportation100000
2018-01-19 08:58:57,003 [16] INFO  sfwServiceTache.Service1 doCallWsImportationAsynch - RETOUR : 
2018-01-19 08:58:58,237 [16] INFO  sfwServiceTache.Service1 timerRapideCode - IimerRapide 2s Tick !
2018-01-19 08:58:58,237 [12] ERROR sfwServiceTache.Service1 timerRapideCode - Le nom distant n'a pas pu être résolu: 'platon'
2018-01-19 08:59:00,253 [10] INFO  sfwServiceTache.Service1 timerRapideCode - IimerRapide 2s Tick !
2018-01-19 08:59:00,487 [16] ERROR sfwServiceTache.Service1 timerRapideCode - Le nom distant n'a pas pu être résolu: 'platon'
2018-01-19 08:59:02,488 [16] INFO  sfwServiceTache.Service1 timerRapideCode - IimerRapide 2s Tick !
2018-01-19 08:59:02,503 [10] ERROR sfwServiceTache.Service1 timerRapideCode - Le nom distant n'a pas pu être résolu: 'platon'
2018-01-19 08:59:04,503 [12] INFO  sfwServiceTache.Service1 timerRapideCode - IimerRapide 2s Tick !
2018-01-19 08:59:04,738 [16] ERROR sfwServiceTache.Service1 timerRapideCode - Le nom distant n'a pas pu être résolu: 'platon'
2018-01-19 08:59:06,753 [16] INFO  sfwServiceTache.Service1 timerRapideCode - IimerRapide 2s Tick !
2018-01-19 08:59:06,753 [12] ERROR sfwServiceTache.Service1 timerRapideCode - Le nom distant n'a pas pu être résolu: 'platon'
2018-01-19 08:59:08,769 [19] INFO  sfwServiceTache.Service1 timerRapideCode - IimerRapide 2s Tick !
2018-01-19 08:59:09,003 [16] ERROR sfwServiceTache.Service1 timerRapideCode - Le nom distant n'a pas pu être résolu: 'platon'
2018-01-19 08:59:11,004 [16] INFO  sfwServiceTache.Service1 timerRapideCode - IimerRapide 2s Tick !
2018-01-19 08:59:11,019 [19] ERROR sfwServiceTache.Service1 timerRapideCode - Le nom distant n'a pas pu être résolu: 'platon'
2018-01-19 08:59:13,019 [10] INFO  sfwServiceTache.Service1 timerRapideCode - IimerRapide 2s Tick !
2018-01-19 08:59:13,254 [16] ERROR sfwServiceTache.Service1 timerRapideCode - Le nom distant n'a pas pu être résolu: 'platon'
2018-01-19 08:59:15,269 [16] INFO  sfwServiceTache.Service1 timerRapideCode - IimerRapide 2s Tick !
2018-01-19 08:59:15,269 [10] ERROR sfwServiceTache.Service1 timerRapideCode - Le nom distant n'a pas pu être résolu: 'platon'
2018-01-19 08:59:16,098 [20] DEBUG sfwServiceTache.Service1 FinishWebRequest - BEFORE FinishWebRequest
2018-01-19 08:59:17,285 [12] INFO  sfwServiceTache.Service1 timerRapideCode - IimerRapide 2s Tick !
2018-01-19 08:59:17,519 [16] ERROR sfwServiceTache.Service1 timerRapideCode - Le nom distant n'a pas pu être résolu: 'platon'
2018-01-19 08:59:17,895 [8] ERROR sfwServiceTache.Service1 getwww - Retour : [http://localhost/ws_unis/wsctrltache.asmx/ctrlTache/System.Net.WebException: Le serveur distant a retourné une erreur : (500) Erreur interne du serveur.
   à System.Net.HttpWebRequest.GetResponse()
   à sfwServiceTache.Service1.getwww(String uri) dans D:\Sfwimport_a_valider\sfwServiceTache\Service1.cs:ligne 502]
2018-01-19 08:59:17,895 [8] INFO  sfwServiceTache.Service1 getResponseAWs - -1:
2018-01-19 08:59:17,895 [9] ERROR sfwServiceTache.Service1 getwww - Retour : [http://localhost/ws_unis/wsctrltache.asmx/ctrlTache/System.Net.WebException: Le serveur distant a retourné une erreur : (500) Erreur interne du serveur.
   à System.Net.HttpWebRequest.GetResponse()
   à sfwServiceTache.Service1.getwww(String uri) dans D:\Sfwimport_a_valider\sfwServiceTache\Service1.cs:ligne 502]
2018-01-19 08:59:17,895 [9] INFO  sfwServiceTache.Service1 getResponseAWs - -1:
2018-01-19 08:59:17,895 [7] ERROR sfwServiceTache.Service1 getwww - Retour : [http://localhost/ws_unis/wsctrltache.asmx/ctrlTache/System.Net.WebException: Le serveur distant a retourné une erreur : (500) Erreur interne du serveur.
   à System.Net.HttpWebRequest.GetResponse()
   à sfwServiceTache.Service1.getwww(String uri) dans D:\Sfwimport_a_valider\sfwServiceTache\Service1.cs:ligne 502]
2018-01-19 08:59:17,895 [7] INFO  sfwServiceTache.Service1 getResponseAWs - -1:
2018-01-19 08:59:17,895 [5] ERROR sfwServiceTache.Service1 getwww - Retour : [http://localhost/ws_unis/wsctrltache.asmx/ctrlTache/System.Net.WebException: Le serveur distant a retourné une erreur : (500) Erreur interne du serveur.
   à System.Net.HttpWebRequest.GetResponse()
   à sfwServiceTache.Service1.getwww(String uri) dans D:\Sfwimport_a_valider\sfwServiceTache\Service1.cs:ligne 502]
2018-01-19 08:59:17,895 [5] INFO  sfwServiceTache.Service1 getResponseAWs - -1:
2018-01-19 08:59:17,895 [13] ERROR sfwServiceTache.Service1 getwww - Retour : [http://localhost/ws_unis/wsctrltache.asmx/ctrlTache/System.Net.WebException: Le serveur distant a retourné une erreur : (500) Erreur interne du serveur.
   à System.Net.HttpWebRequest.GetResponse()
   à sfwServiceTache.Service1.getwww(String uri) dans D:\Sfwimport_a_valider\sfwServiceTache\Service1.cs:ligne 502]
2018-01-19 08:59:17,895 [13] INFO  sfwServiceTache.Service1 getResponseAWs - -1:
2018-01-19 08:59:17,895 [11] ERROR sfwServiceTache.Service1 getwww - Retour : [http://localhost/ws_unis/wsctrltache.asmx/ctrlTache/System.Net.WebException: Le serveur distant a retourné une erreur : (500) Erreur interne du serveur.
   à System.Net.HttpWebRequest.GetResponse()
   à sfwServiceTache.Service1.getwww(String uri) dans D:\Sfwimport_a_valider\sfwServiceTache\Service1.cs:ligne 502]
2018-01-19 08:59:17,895 [11] INFO  sfwServiceTache.Service1 getResponseAWs - -1:
2018-01-19 08:59:17,910 [6] ERROR sfwServiceTache.Service1 getwww - Retour : [http://localhost/ws_unis/wsctrltache.asmx/ctrlTache/System.Net.WebException: Le serveur distant a retourné une erreur : (500) Erreur interne du serveur.
   à System.Net.HttpWebRequest.GetResponse()
   à sfwServiceTache.Service1.getwww(String uri) dans D:\Sfwimport_a_valider\sfwServiceTache\Service1.cs:ligne 502]
2018-01-19 08:59:17,910 [6] INFO  sfwServiceTache.Service1 getResponseAWs - -1:
2018-01-19 08:59:18,254 [11] ERROR sfwServiceTache.Service1 getResponseAWs -  No ArrayOfString :-1:: Données non valides au niveau racine. Ligne 1, position 1.
2018-01-19 08:59:18,254 [11] INFO  sfwServiceTache.Service1 doCallCheckTasks - RETOUR ws -1
2018-01-19 08:59:18,254 [5] ERROR sfwServiceTache.Service1 getResponseAWs -  No ArrayOfString :-1:: Données non valides au niveau racine. Ligne 1, position 1.
2018-01-19 08:59:18,254 [5] INFO  sfwServiceTache.Service1 doCallCheckTasks - RETOUR ws -1
2018-01-19 08:59:18,254 [13] ERROR sfwServiceTache.Service1 getResponseAWs -  No ArrayOfString :-1:: Données non valides au niveau racine. Ligne 1, position 1.
2018-01-19 08:59:18,254 [13] INFO  sfwServiceTache.Service1 doCallCheckTasks - RETOUR ws -1
2018-01-19 08:59:18,254 [9] ERROR sfwServiceTache.Service1 getResponseAWs -  No ArrayOfString :-1:: Données non valides au niveau racine. Ligne 1, position 1.
2018-01-19 08:59:18,254 [9] INFO  sfwServiceTache.Service1 doCallCheckTasks - RETOUR ws -1
2018-01-19 08:59:18,254 [8] ERROR sfwServiceTache.Service1 getResponseAWs -  No ArrayOfString :-1:: Données non valides au niveau racine. Ligne 1, position 1.
2018-01-19 08:59:18,254 [8] INFO  sfwServiceTache.Service1 doCallCheckTasks - RETOUR ws -1
2018-01-19 08:59:18,254 [6] ERROR sfwServiceTache.Service1 getResponseAWs -  No ArrayOfString :-1:: Données non valides au niveau racine. Ligne 1, position 1.
2018-01-19 08:59:18,254 [6] INFO  sfwServiceTache.Service1 doCallCheckTasks - RETOUR ws -1
2018-01-19 08:59:18,254 [7] ERROR sfwServiceTache.Service1 getResponseAWs -  No ArrayOfString :-1:: Données non valides au niveau racine. Ligne 1, position 1.
2018-01-19 08:59:18,254 [7] INFO  sfwServiceTache.Service1 doCallCheckTasks - RETOUR ws -1
2018-01-19 08:59:19,520 [11] INFO  sfwServiceTache.Service1 timerRapideCode - IimerRapide 2s Tick !
2018-01-19 08:59:19,535 [12] ERROR sfwServiceTache.Service1 timerRapideCode - Le nom distant n'a pas pu être résolu: 'platon'
2018-01-19 08:59:21,535 [8] INFO  sfwServiceTache.Service1 timerRapideCode - IimerRapide 2s Tick !
2018-01-19 08:59:21,770 [11] ERROR sfwServiceTache.Service1 timerRapideCode - Le nom distant n'a pas pu être résolu: 'platon'
2018-01-19 08:59:23,785 [7] INFO  sfwServiceTache.Service1 timerRapideCode - IimerRapide 2s Tick !
2018-01-19 08:59:23,785 [8] ERROR sfwServiceTache.Service1 timerRapideCode - Le nom distant n'a pas pu être résolu: 'platon'
2018-01-19 08:59:25,801 [5] INFO  sfwServiceTache.Service1 timerRapideCode - IimerRapide 2s Tick !
2018-01-19 08:59:26,036 [7] ERROR sfwServiceTache.Service1 timerRapideCode - Le nom distant n'a pas pu être résolu: 'platon'
2018-01-19 08:59:27,004 [13] INFO  sfwServiceTache.Service1 doCallWsImportationAsynch - AVANT APPEL ws_import à l'adresse[http://localhost/ws_importation/wsimport.asmx]
2018-01-19 08:59:27,004 [13] INFO  sfwServiceTache.Service1 doCallWsImportationAsynch - DEFAULT TIMEOUT Wsimportation100000
2018-01-19 08:59:27,004 [10] INFO  sfwServiceTache.Service1 timerMinuteCode - Iimer1 Tick !
2018-01-19 08:59:27,020 [13] INFO  sfwServiceTache.Service1 doCallWsImportationAsynch - RETOUR : 
2018-01-19 08:59:28,036 [19] INFO  sfwServiceTache.Service1 timerRapideCode - IimerRapide 2s Tick !
2018-01-19 08:59:28,051 [5] ERROR sfwServiceTache.Service1 timerRapideCode - Le nom distant n'a pas pu être résolu: 'platon'
2018-01-19 08:59:29,254 [10] ERROR sfwServiceTache.Service1 timerMinuteCode - Le nom distant n'a pas pu être résolu: 'platon'
2018-01-19 08:59:29,254 [10] DEBUG sfwServiceTache.Service1 timerMinuteCode - Iimer1 Tick ! End
2018-01-19 08:59:30,051 [6] INFO  sfwServiceTache.Service1 timerRapideCode - IimerRapide 2s Tick !
2018-01-19 08:59:30,301 [19] ERROR sfwServiceTache.Service1 timerRapideCode - Le nom distant n'a pas pu être résolu: 'platon'
2018-01-19 08:59:32,301 [13] INFO  sfwServiceTache.Service1 timerRapideCode - IimerRapide 2s Tick !
2018-01-19 08:59:32,301 [6] ERROR sfwServiceTache.Service1 timerRapideCode - Le nom distant n'a pas pu être résolu: 'platon'
2018-01-19 08:59:34,317 [8] INFO  sfwServiceTache.Service1 timerRapideCode - IimerRapide 2s Tick !
2018-01-19 08:59:34,552 [13] ERROR sfwServiceTache.Service1 timerRapideCode - Le nom distant n'a pas pu être résolu: 'platon'
2018-01-19 08:59:36,552 [10] INFO  sfwServiceTache.Service1 timerRapideCode - IimerRapide 2s Tick !
2018-01-19 08:59:36,567 [8] ERROR sfwServiceTache.Service1 timerRapideCode - Le nom distant n'a pas pu être résolu: 'platon'
2018-01-19 08:59:38,567 [19] INFO  sfwServiceTache.Service1 timerRapideCode - IimerRapide 2s Tick !
2018-01-19 08:59:38,802 [10] ERROR sfwServiceTache.Service1 timerRapideCode - Le nom distant n'a pas pu être résolu: 'platon'
2018-01-19 08:59:40,817 [6] INFO  sfwServiceTache.Service1 timerRapideCode - IimerRapide 2s Tick !
2018-01-19 08:59:40,817 [19] ERROR sfwServiceTache.Service1 timerRapideCode - Le nom distant n'a pas pu être résolu: 'platon'
2018-01-19 08:59:42,833 [13] INFO  sfwServiceTache.Service1 timerRapideCode - IimerRapide 2s Tick !
2018-01-19 08:59:43,068 [6] ERROR sfwServiceTache.Service1 timerRapideCode - Le nom distant n'a pas pu être résolu: 'platon'
2018-01-19 08:59:45,068 [8] INFO  sfwServiceTache.Service1 timerRapideCode - IimerRapide 2s Tick !
2018-01-19 08:59:45,083 [13] ERROR sfwServiceTache.Service1 timerRapideCode - Le nom distant n'a pas pu être résolu: 'platon'
2018-01-19 08:59:47,083 [10] INFO  sfwServiceTache.Service1 timerRapideCode - IimerRapide 2s Tick !
2018-01-19 08:59:47,318 [8] ERROR sfwServiceTache.Service1 timerRapideCode - Le nom distant n'a pas pu être résolu: 'platon'
2018-01-19 08:59:49,334 [19] INFO  sfwServiceTache.Service1 timerRapideCode - IimerRapide 2s Tick !
2018-01-19 08:59:49,334 [10] ERROR sfwServiceTache.Service1 timerRapideCode - Le nom distant n'a pas pu être résolu: 'platon'
2018-01-19 08:59:51,349 [6] INFO  sfwServiceTache.Service1 timerRapideCode - IimerRapide 2s Tick !
2018-01-19 08:59:51,584 [19] ERROR sfwServiceTache.Service1 timerRapideCode - Le nom distant n'a pas pu être résolu: 'platon'
2018-01-19 08:59:53,599 [16] INFO  sfwServiceTache.Service1 timerRapideCode - IimerRapide 2s Tick !
2018-01-19 08:59:53,599 [6] ERROR sfwServiceTache.Service1 timerRapideCode - Le nom distant n'a pas pu être résolu: 'platon'
2018-01-19 08:59:55,615 [11] INFO  sfwServiceTache.Service1 timerRapideCode - IimerRapide 2s Tick !
2018-01-19 08:59:55,849 [16] ERROR sfwServiceTache.Service1 timerRapideCode - Le nom distant n'a pas pu être résolu: 'platon'
2018-01-19 08:59:57,006 [9] INFO  sfwServiceTache.Service1 doCallWsImportationAsynch - AVANT APPEL ws_import à l'adresse[http://localhost/ws_importation/wsimport.asmx]
2018-01-19 08:59:57,006 [9] INFO  sfwServiceTache.Service1 doCallWsImportationAsynch - DEFAULT TIMEOUT Wsimportation100000
2018-01-19 08:59:57,006 [9] INFO  sfwServiceTache.Service1 doCallWsImportationAsynch - RETOUR : 
2018-01-19 08:59:57,850 [7] INFO  sfwServiceTache.Service1 timerRapideCode - IimerRapide 2s Tick !
2018-01-19 08:59:57,865 [11] ERROR sfwServiceTache.Service1 timerRapideCode - Le nom distant n'a pas pu être résolu: 'platon'
2018-01-19 08:59:59,865 [8] INFO  sfwServiceTache.Service1 timerRapideCode - IimerRapide 2s Tick !
2018-01-19 09:00:00,100 [7] ERROR sfwServiceTache.Service1 timerRapideCode - Le nom distant n'a pas pu être résolu: 'platon'
2018-01-19 09:00:02,115 [19] INFO  sfwServiceTache.Service1 timerRapideCode - IimerRapide 2s Tick !
2018-01-19 09:00:02,115 [8] ERROR sfwServiceTache.Service1 timerRapideCode - Le nom distant n'a pas pu être résolu: 'platon'
2018-01-19 09:00:04,131 [9] INFO  sfwServiceTache.Service1 timerRapideCode - IimerRapide 2s Tick !
2018-01-19 09:00:04,365 [19] ERROR sfwServiceTache.Service1 timerRapideCode - Le nom distant n'a pas pu être résolu: 'platon'
2018-01-19 09:00:06,366 [11] INFO  sfwServiceTache.Service1 timerRapideCode - IimerRapide 2s Tick !
2018-01-19 09:00:06,459 [9] ERROR sfwServiceTache.Service1 timerRapideCode - Le nom distant n'a pas pu être résolu: 'platon'
2018-01-19 09:00:08,459 [16] INFO  sfwServiceTache.Service1 timerRapideCode - IimerRapide 2s Tick !
2018-01-19 09:00:08,616 [11] ERROR sfwServiceTache.Service1 timerRapideCode - Le nom distant n'a pas pu être résolu: 'platon'
2018-01-19 09:00:10,631 [10] INFO  sfwServiceTache.Service1 timerRapideCode - IimerRapide 2s Tick !
2018-01-19 09:00:10,710 [16] ERROR sfwServiceTache.Service1 timerRapideCode - Le nom distant n'a pas pu être résolu: 'platon'
2018-01-19 09:00:12,725 [13] INFO  sfwServiceTache.Service1 timerRapideCode - IimerRapide 2s Tick !
2018-01-19 09:00:12,882 [10] ERROR sfwServiceTache.Service1 timerRapideCode - Le nom distant n'a pas pu être résolu: 'platon'
2018-01-19 09:00:14,897 [7] INFO  sfwServiceTache.Service1 timerRapideCode - IimerRapide 2s Tick !
2018-01-19 09:00:14,975 [13] ERROR sfwServiceTache.Service1 timerRapideCode - Le nom distant n'a pas pu être résolu: 'platon'
2018-01-19 09:00:16,991 [8] INFO  sfwServiceTache.Service1 timerRapideCode - IimerRapide 2s Tick !
2018-01-19 09:00:17,147 [7] ERROR sfwServiceTache.Service1 timerRapideCode - Le nom distant n'a pas pu être résolu: 'platon'
2018-01-19 09:00:19,163 [5] INFO  sfwServiceTache.Service1 timerRapideCode - IimerRapide 2s Tick !
2018-01-19 09:00:19,241 [8] ERROR sfwServiceTache.Service1 timerRapideCode - Le nom distant n'a pas pu être résolu: 'platon'
2018-01-19 09:00:21,257 [6] INFO  sfwServiceTache.Service1 timerRapideCode - IimerRapide 2s Tick !
2018-01-19 09:00:21,413 [5] ERROR sfwServiceTache.Service1 timerRapideCode - Le nom distant n'a pas pu être résolu: 'platon'
2018-01-19 09:00:23,429 [12] INFO  sfwServiceTache.Service1 timerRapideCode - IimerRapide 2s Tick !
2018-01-19 09:00:23,507 [6] ERROR sfwServiceTache.Service1 timerRapideCode - Le nom distant n'a pas pu être résolu: 'platon'
2018-01-19 09:00:25,523 [19] INFO  sfwServiceTache.Service1 timerRapideCode - IimerRapide 2s Tick !
2018-01-19 09:00:25,679 [12] ERROR sfwServiceTache.Service1 timerRapideCode - Le nom distant n'a pas pu être résolu: 'platon'
2018-01-19 09:00:27,007 [10] INFO  sfwServiceTache.Service1 doCallWsImportationAsynch - AVANT APPEL ws_import à l'adresse[http://localhost/ws_importation/wsimport.asmx]
2018-01-19 09:00:27,007 [9] INFO  sfwServiceTache.Service1 doCallWsOmni - AVANT APPEL ws_ à l'adresse[http://localhost/OmniWs/wsMission.asmx/processMissionsCursor]
2018-01-19 09:00:27,007 [10] INFO  sfwServiceTache.Service1 doCallWsImportationAsynch - DEFAULT TIMEOUT Wsimportation100000
2018-01-19 09:00:27,007 [9] INFO  sfwServiceTache.Service1 getResponseFromAWs - <?xml version="1.0"?><string>OK</string>
2018-01-19 09:00:27,007 [9] INFO  sfwServiceTache.Service1 getResponseFromAWs - xmlReal [<string>OK</string>]
2018-01-19 09:00:27,007 [9] DEBUG sfwServiceTache.Service1 getResponseFromAWs - listeRetour[0]=(OK)
2018-01-19 09:00:27,007 [9] INFO  sfwServiceTache.Service1 doCallWsOmni - RETOUR ws OK
2018-01-19 09:00:27,007 [10] INFO  sfwServiceTache.Service1 doCallWsImportationAsynch - RETOUR : 
2018-01-19 09:00:27,007 [22] DEBUG sfwServiceTache.Service1 FinishWebRequest - BEFORE FinishWebRequest
2018-01-19 09:00:27,695 [8] INFO  sfwServiceTache.Service1 timerRapideCode - IimerRapide 2s Tick !
2018-01-19 09:00:27,773 [19] ERROR sfwServiceTache.Service1 timerRapideCode - Le nom distant n'a pas pu être résolu: 'platon'
2018-01-19 09:00:29,257 [11] INFO  sfwServiceTache.Service1 timerMinuteCode - Iimer1 Tick !
2018-01-19 09:00:29,789 [6] INFO  sfwServiceTache.Service1 timerRapideCode - IimerRapide 2s Tick !
2018-01-19 09:00:29,945 [8] ERROR sfwServiceTache.Service1 timerRapideCode - Le nom distant n'a pas pu être résolu: 'platon'
2018-01-19 09:00:31,507 [11] ERROR sfwServiceTache.Service1 timerMinuteCode - Le nom distant n'a pas pu être résolu: 'platon'
2018-01-19 09:00:31,507 [11] DEBUG sfwServiceTache.Service1 timerMinuteCode - Iimer1 Tick ! End
2018-01-19 09:00:31,961 [10] INFO  sfwServiceTache.Service1 timerRapideCode - IimerRapide 2s Tick !
2018-01-19 09:00:32,195 [6] ERROR sfwServiceTache.Service1 timerRapideCode - Le nom distant n'a pas pu être résolu: 'platon'
2018-01-19 09:00:34,211 [19] INFO  sfwServiceTache.Service1 timerRapideCode - IimerRapide 2s Tick !
2018-01-19 09:00:34,211 [10] ERROR sfwServiceTache.Service1 timerRapideCode - Le nom distant n'a pas pu être résolu: 'platon'
2018-01-19 09:00:36,226 [8] INFO  sfwServiceTache.Service1 timerRapideCode - IimerRapide 2s Tick !
2018-01-19 09:00:36,461 [19] ERROR sfwServiceTache.Service1 timerRapideCode - Le nom distant n'a pas pu être résolu: 'platon'
2018-01-19 09:00:38,476 [8] ERROR sfwServiceTache.Service1 timerRapideCode - Le nom distant n'a pas pu être résolu: 'platon'
2018-01-19 09:00:38,601 [5] INFO  sfwServiceTache.Service1 timerRapideCode - IimerRapide 2s Tick !
2018-01-19 09:00:40,852 [5] ERROR sfwServiceTache.Service1 timerRapideCode - Le nom distant n'a pas pu être résolu: 'platon'
2018-01-19 09:00:42,867 [12] INFO  sfwServiceTache.Service1 timerRapideCode - IimerRapide 2s Tick !
2018-01-19 09:00:45,117 [12] ERROR sfwServiceTache.Service1 timerRapideCode - Le nom distant n'a pas pu être résolu: 'platon'
2018-01-19 09:00:47,571 [13] INFO  sfwServiceTache.Service1 timerRapideCode - IimerRapide 2s Tick !
2018-01-19 09:00:49,821 [13] ERROR sfwServiceTache.Service1 timerRapideCode - Le nom distant n'a pas pu être résolu: 'platon'
2018-01-19 09:00:52,508 [9] INFO  sfwServiceTache.Service1 timerRapideCode - IimerRapide 2s Tick !
2018-01-19 09:00:54,759 [9] ERROR sfwServiceTache.Service1 timerRapideCode - Le nom distant n'a pas pu être résolu: 'platon'
2018-01-19 09:00:56,805 [5] INFO  sfwServiceTache.Service1 timerRapideCode - IimerRapide 2s Tick !
2018-01-19 09:00:57,837 [6] INFO  sfwServiceTache.Service1 doCallWsImportationAsynch - AVANT APPEL ws_import à l'adresse[http://localhost/ws_importation/wsimport.asmx]
2018-01-19 09:00:57,837 [6] INFO  sfwServiceTache.Service1 doCallWsImportationAsynch - DEFAULT TIMEOUT Wsimportation100000
2018-01-19 09:00:57,837 [6] INFO  sfwServiceTache.Service1 doCallWsImportationAsynch - RETOUR : 
2018-01-19 09:00:59,056 [5] ERROR sfwServiceTache.Service1 timerRapideCode - Le nom distant n'a pas pu être résolu: 'platon'
2018-01-19 09:01:01,071 [13] INFO  sfwServiceTache.Service1 timerRapideCode - IimerRapide 2s Tick !
2018-01-19 09:01:03,321 [13] ERROR sfwServiceTache.Service1 timerRapideCode - Le nom distant n'a pas pu être résolu: 'platon'
2018-01-19 09:01:05,322 [9] INFO  sfwServiceTache.Service1 timerRapideCode - IimerRapide 2s Tick !
2018-01-19 09:01:07,572 [9] ERROR sfwServiceTache.Service1 timerRapideCode - Le nom distant n'a pas pu être résolu: 'platon'
2018-01-19 09:01:09,587 [12] INFO  sfwServiceTache.Service1 timerRapideCode - IimerRapide 2s Tick !
2018-01-19 09:01:11,837 [12] ERROR sfwServiceTache.Service1 timerRapideCode - Le nom distant n'a pas pu être résolu: 'platon'
2018-01-19 09:01:13,838 [19] INFO  sfwServiceTache.Service1 timerRapideCode - IimerRapide 2s Tick !
2018-01-19 09:01:16,088 [19] ERROR sfwServiceTache.Service1 timerRapideCode - Le nom distant n'a pas pu être résolu: 'platon'
2018-01-19 09:01:19,916 [8] INFO  sfwServiceTache.Service1 timerRapideCode - IimerRapide 2s Tick !
2018-01-19 09:01:22,166 [8] ERROR sfwServiceTache.Service1 timerRapideCode - Le nom distant n'a pas pu être résolu: 'platon'
2018-01-19 09:01:24,182 [16] INFO  sfwServiceTache.Service1 timerRapideCode - IimerRapide 2s Tick !
2018-01-19 09:01:26,432 [16] ERROR sfwServiceTache.Service1 timerRapideCode - Le nom distant n'a pas pu être résolu: 'platon'
2018-01-19 09:01:27,854 [10] INFO  sfwServiceTache.Service1 doCallWsImportationAsynch - AVANT APPEL ws_import à l'adresse[http://localhost/ws_importation/wsimport.asmx]
2018-01-19 09:01:27,854 [10] INFO  sfwServiceTache.Service1 doCallWsImportationAsynch - DEFAULT TIMEOUT Wsimportation100000
2018-01-19 09:01:27,854 [10] INFO  sfwServiceTache.Service1 doCallWsImportationAsynch - RETOUR : 
2018-01-19 09:01:28,448 [11] INFO  sfwServiceTache.Service1 timerRapideCode - IimerRapide 2s Tick !
2018-01-19 09:01:30,707 [11] ERROR sfwServiceTache.Service1 timerRapideCode - Le nom distant n'a pas pu être résolu: 'platon'
2018-01-19 09:01:31,513 [13] INFO  sfwServiceTache.Service1 timerMinuteCode - Iimer1 Tick !
2018-01-19 09:01:32,714 [16] INFO  sfwServiceTache.Service1 timerRapideCode - IimerRapide 2s Tick !
2018-01-19 09:01:33,780 [13] ERROR sfwServiceTache.Service1 timerMinuteCode - Le nom distant n'a pas pu être résolu: 'platon'
2018-01-19 09:01:33,780 [13] DEBUG sfwServiceTache.Service1 timerMinuteCode - Iimer1 Tick ! End
2018-01-19 09:01:35,004 [16] ERROR sfwServiceTache.Service1 timerRapideCode - Le nom distant n'a pas pu être résolu: 'platon'
2018-01-19 09:01:38,592 [10] INFO  sfwServiceTache.Service1 timerRapideCode - IimerRapide 2s Tick !
2018-01-19 09:01:40,847 [10] ERROR sfwServiceTache.Service1 timerRapideCode - Le nom distant n'a pas pu être résolu: 'platon'
2018-01-19 09:01:42,851 [8] INFO  sfwServiceTache.Service1 timerRapideCode - IimerRapide 2s Tick !
2018-01-19 09:01:45,138 [8] ERROR sfwServiceTache.Service1 timerRapideCode - Le nom distant n'a pas pu être résolu: 'platon'
2018-01-19 09:01:47,145 [13] INFO  sfwServiceTache.Service1 timerRapideCode - IimerRapide 2s Tick !
2018-01-19 09:01:49,433 [13] ERROR sfwServiceTache.Service1 timerRapideCode - Le nom distant n'a pas pu être résolu: 'platon'
2018-01-19 09:01:51,500 [19] INFO  sfwServiceTache.Service1 timerRapideCode - IimerRapide 2s Tick !
2018-01-19 09:01:53,773 [19] ERROR sfwServiceTache.Service1 timerRapideCode - Le nom distant n'a pas pu être résolu: 'platon'
2018-01-19 09:01:55,776 [10] INFO  sfwServiceTache.Service1 timerRapideCode - IimerRapide 2s Tick !
2018-01-19 09:01:58,063 [10] ERROR sfwServiceTache.Service1 timerRapideCode - Le nom distant n'a pas pu être résolu: 'platon'
2018-01-19 09:02:00,178 [8] INFO  sfwServiceTache.Service1 timerRapideCode - IimerRapide 2s Tick !
2018-01-19 09:02:00,178 [6] INFO  sfwServiceTache.Service1 doCallWsImportationAsynch - AVANT APPEL ws_import à l'adresse[http://localhost/ws_importation/wsimport.asmx]
2018-01-19 09:02:00,178 [6] INFO  sfwServiceTache.Service1 doCallWsImportationAsynch - DEFAULT TIMEOUT Wsimportation100000
2018-01-19 09:02:00,178 [6] INFO  sfwServiceTache.Service1 doCallWsImportationAsynch - RETOUR : 
2018-01-19 09:02:02,449 [8] ERROR sfwServiceTache.Service1 timerRapideCode - Le nom distant n'a pas pu être résolu: 'platon'
2018-01-19 09:02:04,452 [10] INFO  sfwServiceTache.Service1 timerRapideCode - IimerRapide 2s Tick !
2018-01-19 09:02:06,723 [10] ERROR sfwServiceTache.Service1 timerRapideCode - Le nom distant n'a pas pu être résolu: 'platon'
2018-01-19 09:02:08,056 [16] DEBUG sfwServiceTache.Service1 OnStop - Service Tache Stop
